--- Startup times for process: Primary/TUI ---

times in msec
 clock   self+sourced   self:  sourced script
 clock   elapsed:              other lines

000.005  000.005: --- NVIM STARTING ---
000.442  000.437: event init
001.730  001.287: early init
001.798  000.068: locale set
001.872  000.075: init first window
002.310  000.438: inits 1
002.329  000.019: window checked
002.334  000.005: parsing arguments
003.080  000.056  000.056: require('vim.shared')
003.203  000.060  000.060: require('vim.inspect')
003.278  000.056  000.056: require('vim._options')
003.281  000.197  000.081: require('vim._editor')
003.283  000.303  000.050: require('vim._init_packages')
003.286  000.649: init lua interpreter
004.021  000.736: --- NVIM STARTED ---

--- Startup times for process: Embedded ---

times in msec
 clock   self+sourced   self:  sourced script
 clock   elapsed:              other lines

000.004  000.004: --- NVIM STARTING ---
000.274  000.270: event init
000.394  000.120: early init
000.459  000.065: locale set
000.547  000.088: init first window
001.101  000.554: inits 1
001.132  000.031: window checked
001.137  000.006: parsing arguments
002.195  000.059  000.059: require('vim.shared')
002.323  000.066  000.066: require('vim.inspect')
002.400  000.055  000.055: require('vim._options')
002.403  000.199  000.078: require('vim._editor')
002.405  000.314  000.057: require('vim._init_packages')
002.408  000.956: init lua interpreter
002.514  000.106: expanding arguments
002.547  000.033: inits 2
002.916  000.369: init highlight
002.918  000.002: waiting for UI
003.106  000.188: done waiting for UI
003.113  000.007: clear screen
003.214  000.012  000.012: require('vim.keymap')
004.015  000.899  000.887: require('vim._defaults')
004.018  000.006: init default mappings & autocommands
004.586  000.082  000.082: sourcing /opt/nvim-linux64/share/nvim/runtime/ftplugin.vim
004.681  000.041  000.041: sourcing /opt/nvim-linux64/share/nvim/runtime/indent.vim
005.266  000.391  000.391: require('rendi.core.options')
006.317  001.048  001.048: require('rendi.core.keymaps')
006.321  001.498  000.060: require('rendi.core')
007.058  000.554  000.554: require('lazy')
007.106  000.019  000.019: require('ffi')
007.244  000.103  000.103: require('vim.fs')
007.408  000.133  000.133: require('vim.uri')
007.423  000.314  000.078: require('vim.loader')
007.681  000.231  000.231: require('lazy.stats')
007.934  000.224  000.224: require('lazy.core.util')
008.096  000.158  000.158: require('lazy.core.config')
008.495  000.241  000.241: require('lazy.core.handler')
008.977  000.156  000.156: require('lazy.pkg')
008.984  000.328  000.171: require('lazy.core.meta')
008.999  000.500  000.172: require('lazy.core.plugin')
009.012  000.912  000.171: require('lazy.core.loader')
009.701  000.189  000.189: require('lazy.core.fragments')
010.181  000.069  000.069: require('rendi.plugins')
010.277  000.073  000.073: require('rendi.plugins.auto-session')
010.367  000.076  000.076: require('rendi.plugins.autopairs')
010.547  000.146  000.146: require('rendi.plugins.colorscheme')
010.636  000.075  000.075: require('rendi.plugins.comment')
010.732  000.076  000.076: require('rendi.plugins.formatting')
010.817  000.071  000.071: require('rendi.plugins.nvim-cmp')
011.387  000.073  000.073: require('rendi.plugins.nvim-tree')
011.486  000.081  000.081: require('rendi.plugins.substitute')
011.617  000.117  000.117: require('rendi.plugins.surround')
011.768  000.086  000.086: require('rendi.plugins.telescope')
011.887  000.093  000.093: require('rendi.plugins.treesitter')
012.169  000.250  000.250: require('rendi.plugins.vim-maximizer')
012.287  000.105  000.105: require('rendi.plugins.vim-react-snippets')
012.379  000.075  000.075: require('rendi.plugins.zen-mode')
012.573  000.128  000.128: require('rendi.plugins.lsp.lspconfig')
012.684  000.078  000.078: require('rendi.plugins.lsp.mason')
014.231  000.103  000.103: require('lazy.core.handler.cmd')
014.367  000.130  000.130: require('lazy.core.handler.event')
014.523  000.151  000.151: require('lazy.core.handler.keys')
014.666  000.135  000.135: require('lazy.core.handler.ft')
015.699  000.394  000.394: sourcing /opt/nvim-linux64/share/nvim/runtime/filetype.lua
017.161  000.166  000.166: require('tokyonight.util')
018.199  000.291  000.291: require('tokyonight.colors')
018.204  001.038  000.748: require('tokyonight.theme')
018.490  000.283  000.283: require('tokyonight.config')
018.495  002.522  001.034: require('tokyonight')
020.658  000.007  000.007: require('vim.F')
020.727  000.422  000.415: require('vim.diagnostic')
022.348  002.925  002.503: sourcing /home/rendi/.local/share/nvim/lazy/tokyonight.nvim/colors/tokyonight.lua
022.535  000.043  000.043: sourcing /home/rendi/.local/share/nvim/lazy/zen-mode.nvim/plugin/zen-mode.vim
023.280  000.081  000.081: require('zen-mode.util')
023.361  000.248  000.167: require('zen-mode.config')
023.486  000.121  000.121: require('zen-mode.plugins')
023.497  000.479  000.110: require('zen-mode.view')
023.501  000.930  000.450: require('zen-mode')
027.634  000.361  000.361: sourcing /opt/nvim-linux64/share/nvim/runtime/autoload/provider/clipboard.vim
028.176  000.050  000.050: sourcing /home/rendi/.local/share/nvim/lazy/plenary.nvim/plugin/plenary.vim
029.015  000.073  000.073: sourcing /home/rendi/.local/share/nvim/lazy/nvim-web-devicons/plugin/nvim-web-devicons.vim
029.541  000.409  000.409: sourcing /home/rendi/.local/share/nvim/lazy/telescope.nvim/plugin/telescope.lua
030.373  000.175  000.175: require('telescope._extensions')
030.380  000.802  000.627: require('telescope')
031.923  000.078  000.078: require('plenary.bit')
032.099  000.171  000.171: require('plenary.functional')
032.139  000.401  000.151: require('plenary.path')
032.157  000.556  000.155: require('plenary.strings')
032.284  000.124  000.124: require('telescope.deprecated')
032.654  000.159  000.159: require('plenary.log')
032.718  000.293  000.134: require('telescope.log')
033.037  000.070  000.070: require('plenary.compat')
033.047  000.217  000.147: require('plenary.job')
033.127  000.077  000.077: require('telescope.state')
033.149  000.428  000.134: require('telescope.utils')
033.156  000.868  000.148: require('telescope.sorters')
035.205  004.486  002.938: require('telescope.config')
035.501  000.121  000.121: require('plenary.window.border')
035.596  000.092  000.092: require('plenary.window')
035.685  000.084  000.084: require('plenary.popup.utils')
035.690  000.481  000.184: require('plenary.popup')
035.808  000.115  000.115: require('telescope.pickers.scroller')
035.930  000.119  000.119: require('telescope.actions.state')
036.038  000.104  000.104: require('telescope.actions.utils')
036.287  000.140  000.140: require('telescope.actions.mt')
036.318  000.276  000.136: require('telescope.actions.set')
036.564  000.108  000.108: require('telescope.config.resolve')
036.569  000.248  000.140: require('telescope.pickers.entry_display')
036.656  000.086  000.086: require('telescope.from_entry')
037.038  006.655  000.741: require('telescope.actions')
038.776  000.235  000.235: require('fzf_lib')
038.786  000.374  000.139: require('telescope._extensions.fzf')
040.580  000.215  000.215: require('nvim-tree.notify')
040.596  000.351  000.136: require('nvim-tree.events')
041.028  000.168  000.168: require('nvim-tree.log')
041.399  000.166  000.166: require('nvim-tree.iterators.node-iterator')
041.468  000.436  000.269: require('nvim-tree.utils')
041.766  000.295  000.295: require('nvim-tree.git.utils')
041.941  000.171  000.171: require('nvim-tree.git.runner')
042.130  000.185  000.185: require('nvim-tree.watcher')
042.243  000.109  000.109: require('nvim-tree.explorer.node')
042.259  001.548  000.185: require('nvim-tree.git')
042.380  000.118  000.118: require('nvim-tree.explorer.watch')
042.621  000.126  000.126: require('nvim-tree.explorer.node-builders')
042.775  000.150  000.150: require('nvim-tree.explorer.sorters')
043.059  000.162  000.162: require('nvim-tree.marks')
043.067  000.288  000.126: require('nvim-tree.explorer.filters')
043.425  000.235  000.235: require('nvim-tree.view')
043.438  000.369  000.134: require('nvim-tree.live-filter')
043.444  001.059  000.127: require('nvim-tree.explorer.explore')
043.756  000.310  000.310: require('nvim-tree.explorer.reload')
043.802  003.203  000.168: require('nvim-tree.explorer')
043.806  003.674  000.119: require('nvim-tree.core')
044.116  000.307  000.307: require('nvim-tree.renderer.components.padding')
044.499  000.380  000.380: require('nvim-tree.renderer.components.icons')
044.882  000.379  000.379: require('nvim-tree.renderer.components.full-name')
045.476  000.065  000.065: require('nvim-tree.enum')
045.561  000.080  000.080: require('nvim-tree.renderer.decorator')
045.567  000.328  000.183: require('nvim-tree.renderer.decorator.bookmarks')
045.645  000.076  000.076: require('nvim-tree.renderer.decorator.copied')
045.776  000.077  000.077: require('nvim-tree.renderer.decorator.cut')
045.986  000.131  000.131: require('nvim-tree.diagnostics')
045.994  000.215  000.083: require('nvim-tree.renderer.decorator.diagnostics')
046.084  000.088  000.088: require('nvim-tree.renderer.decorator.git')
046.225  000.069  000.069: require('nvim-tree.buffers')
046.231  000.143  000.074: require('nvim-tree.renderer.decorator.modified')
046.302  000.069  000.069: require('nvim-tree.renderer.decorator.opened')
046.313  001.427  000.431: require('nvim-tree.renderer.builder')
046.321  006.320  000.154: require('nvim-tree.renderer')
046.328  006.548  000.227: require('nvim-tree.lib')
046.479  000.149  000.149: require('nvim-tree.appearance')
046.918  000.069  000.069: require('nvim-tree.actions.finders.find-file')
047.016  000.094  000.094: require('nvim-tree.actions.finders.search-node')
047.020  000.268  000.104: require('nvim-tree.actions.finders')
047.286  000.080  000.080: require('nvim-tree.actions.reloaders')
047.295  000.177  000.097: require('nvim-tree.actions.fs.copy-paste')
047.408  000.110  000.110: require('nvim-tree.actions.fs.create-file')
047.487  000.076  000.076: require('nvim-tree.actions.fs.remove-file')
047.561  000.071  000.071: require('nvim-tree.actions.fs.rename-file')
047.636  000.071  000.071: require('nvim-tree.actions.fs.trash')
047.641  000.619  000.114: require('nvim-tree.actions.fs')
047.811  000.068  000.068: require('nvim-tree.actions.moves.item')
047.876  000.061  000.061: require('nvim-tree.actions.moves.parent')
047.940  000.061  000.061: require('nvim-tree.actions.moves.sibling')
047.944  000.301  000.111: require('nvim-tree.actions.moves')
048.076  000.067  000.067: require('nvim-tree.actions.node.file-popup')
048.169  000.089  000.089: require('nvim-tree.actions.node.open-file')
048.233  000.061  000.061: require('nvim-tree.actions.node.run-command')
048.319  000.082  000.082: require('nvim-tree.actions.node.system-open')
048.323  000.377  000.079: require('nvim-tree.actions.node')
048.460  000.068  000.068: require('nvim-tree.actions.root.change-dir')
048.522  000.058  000.058: require('nvim-tree.actions.root.dir-up')
048.526  000.200  000.075: require('nvim-tree.actions.root')
048.655  000.064  000.064: require('nvim-tree.actions.tree.find-file')
048.786  000.064  000.064: require('nvim-tree.actions.tree.modifiers.collapse-all')
048.856  000.066  000.066: require('nvim-tree.actions.tree.modifiers.expand-all')
048.959  000.100  000.100: require('nvim-tree.actions.tree.modifiers.toggles')
048.963  000.304  000.075: require('nvim-tree.actions.tree.modifiers')
049.027  000.061  000.061: require('nvim-tree.actions.tree.open')
049.093  000.063  000.063: require('nvim-tree.actions.tree.toggle')
049.097  000.569  000.076: require('nvim-tree.actions.tree')
049.099  002.445  000.112: require('nvim-tree.actions')
049.172  000.070  000.070: require('nvim-tree.appearance.diagnostics')
049.325  000.078  000.078: require('nvim-tree.keymap')
049.331  000.156  000.078: require('nvim-tree.help')
049.401  000.067  000.067: require('nvim-tree.marks.navigation')
049.470  000.066  000.066: require('nvim-tree.marks.bulk-delete')
049.583  000.110  000.110: require('nvim-tree.marks.bulk-trash')
049.655  000.068  000.068: require('nvim-tree.marks.bulk-move')
049.699  003.137  000.154: require('nvim-tree.api')
049.706  003.223  000.086: require('nvim-tree.commands')
049.774  000.066  000.066: require('nvim-tree.legacy')
049.827  010.739  000.754: require('nvim-tree')
052.778  001.313  001.313: require('nvim-web-devicons.icons-default')
053.096  001.800  000.487: require('nvim-web-devicons')
060.271  000.136  000.136: require('auto-session.logger')
060.309  000.423  000.287: require('auto-session.lib')
060.438  000.126  000.126: require('auto-session.autocmds')
060.503  001.328  000.780: require('auto-session')
060.934  000.125  000.125: require('auto-session.session-lens.library')
061.088  000.151  000.151: require('auto-session.session-lens.actions')
061.106  000.442  000.166: require('auto-session.session-lens')
061.359  000.106  000.106: require('telescope._extensions.session-lens')
062.043  000.262  000.262: sourcing /home/rendi/.local/share/nvim/lazy/vim-tmux-navigator/plugin/tmux_navigator.vim
064.542  000.237  000.237: require('mason-core.functional')
064.680  000.131  000.131: require('mason-core.path')
064.813  000.129  000.129: require('mason.settings')
064.859  000.702  000.205: require('mason-core.log')
064.864  000.841  000.139: require('mason-core.EventEmitter')
065.093  000.227  000.227: require('mason-core.optional')
065.407  000.180  000.180: require('mason-core.async')
065.520  000.107  000.107: require('mason-core.async.uv')
065.539  000.443  000.156: require('mason-core.fs')
065.741  000.199  000.199: require('mason-registry.sources')
065.950  000.094  000.094: require('mason-core.functional.data')
066.085  000.132  000.132: require('mason-core.functional.function')
066.116  000.371  000.145: require('mason-core.functional.list')
066.150  002.315  000.236: require('mason-registry')
066.163  002.885  000.570: require('mason-tool-installer')
066.190  003.063  000.177: sourcing /home/rendi/.local/share/nvim/lazy/mason-tool-installer.nvim/plugin/mason-tool-installer.lua
067.149  000.258  000.258: require('mason-core.functional.relation')
067.446  000.263  000.263: require('mason-core.functional.logic')
067.584  001.159  000.638: require('mason-core.platform')
067.589  001.317  000.159: require('mason')
068.179  000.301  000.301: require('mason-lspconfig.settings')
068.203  000.612  000.312: require('mason-lspconfig')
069.911  000.567  000.567: require('mason-core.functional.string')
069.992  001.319  000.752: require('mason.api.command')
070.865  000.235  000.235: require('mason-lspconfig.notify')
070.878  000.539  000.304: require('mason-lspconfig.lspconfig_hook')
072.546  000.125  000.125: require('lsp-file-operations.log')
072.551  000.560  000.435: require('lsp-file-operations')
073.464  000.385  000.385: require('neodev')
073.543  000.075  000.075: require('neodev.config')
073.704  000.074  000.074: require('neodev.util')
073.709  000.154  000.080: require('neodev.lsp')
074.099  000.105  000.105: require('vim.lsp.log')
074.841  000.736  000.736: require('vim.lsp.protocol')
075.384  000.231  000.231: require('vim.lsp._snippet_grammar')
075.466  000.078  000.078: require('vim.highlight')
075.487  000.640  000.331: require('vim.lsp.util')
075.653  000.078  000.078: require('vim.lsp.sync')
075.661  000.170  000.093: require('vim.lsp._changetracking')
075.796  000.132  000.132: require('vim.lsp.rpc')
075.878  002.063  000.279: require('vim.lsp')
075.997  002.285  000.222: require('lspconfig.util')
076.589  000.143  000.143: sourcing /home/rendi/.local/share/nvim/lazy/nvim-lspconfig/plugin/lspconfig.lua
076.865  000.071  000.071: require('lspconfig.async')
076.870  000.167  000.096: require('lspconfig.configs')
076.874  000.250  000.082: require('lspconfig')
077.029  000.076  000.076: require('cmp_nvim_lsp.source')
077.035  000.159  000.083: require('cmp_nvim_lsp')
077.294  000.074  000.074: require('mason-core.functional.table')
077.370  000.281  000.206: require('mason-lspconfig.mappings.server')
077.599  000.077  000.077: require('lspconfig.server_configurations.lua_ls')
078.068  000.086  000.086: require('lspconfig.manager')
078.159  000.082  000.082: require('lspconfig.server_configurations.tsserver')
078.645  000.090  000.090: require('lspconfig.server_configurations.tailwindcss')
079.036  000.073  000.073: require('lspconfig.server_configurations.emmet_ls')
079.168  008.287  003.588: require('lspconfig.util')
079.282  000.109  000.109: require('mason-lspconfig.server_config_extensions')
079.376  000.089  000.089: require('lspconfig.server_configurations.omnisharp')
079.473  000.071  000.071: require('mason-lspconfig.ensure_installed')
079.644  000.075  000.075: require('mason-core.result')
079.937  000.141  000.141: require('mason-core.process')
080.098  000.157  000.157: require('mason-core.spawn')
080.104  000.380  000.083: require('mason-core.managers.powershell')
080.170  000.063  000.063: require('mason.version')
080.175  000.527  000.083: require('mason-core.fetch')
080.294  000.073  000.073: require('mason-core.providers')
080.607  000.144  000.144: require('mason-core.purl')
080.623  000.262  000.118: require('mason-core.package')
080.885  000.082  000.082: require('mason-core.installer.registry.expr')
080.896  000.181  000.099: require('mason-core.installer.registry.link')
081.393  000.103  000.103: require('mason-core.receipt')
081.475  000.314  000.211: require('mason-core.installer.context')
081.581  000.102  000.102: require('mason-core.async.control')
081.734  000.149  000.149: require('mason-core.installer.linker')
081.742  000.687  000.121: require('mason-core.installer')
081.788  000.821  000.134: require('mason-core.installer.managers.std')
081.792  000.893  000.073: require('mason-core.installer.registry.schemas')
081.944  000.150  000.150: require('mason-core.installer.registry.util')
081.973  001.348  000.124: require('mason-core.installer.registry')
081.978  001.680  000.070: require('mason-registry.sources.util')
081.994  002.508  000.153: require('mason-registry.sources.github')
090.030  000.080  000.080: require('mason-core.functional.number')
090.067  000.230  000.150: require('mason-lspconfig.api.command')
090.867  000.099  000.099: sourcing /opt/nvim-linux64/share/nvim/runtime/plugin/editorconfig.lua
091.197  000.278  000.278: sourcing /opt/nvim-linux64/share/nvim/runtime/plugin/gzip.vim
091.405  000.142  000.142: sourcing /opt/nvim-linux64/share/nvim/runtime/plugin/man.lua
092.386  000.328  000.328: sourcing /opt/nvim-linux64/share/nvim/runtime/pack/dist/opt/matchit/plugin/matchit.vim
092.418  000.964  000.636: sourcing /opt/nvim-linux64/share/nvim/runtime/plugin/matchit.vim
092.674  000.200  000.200: sourcing /opt/nvim-linux64/share/nvim/runtime/plugin/matchparen.vim
092.743  000.024  000.024: sourcing /opt/nvim-linux64/share/nvim/runtime/plugin/netrwPlugin.vim
092.877  000.087  000.087: sourcing /opt/nvim-linux64/share/nvim/runtime/plugin/osc52.lua
093.157  000.235  000.235: sourcing /opt/nvim-linux64/share/nvim/runtime/plugin/rplugin.vim
093.344  000.101  000.101: sourcing /opt/nvim-linux64/share/nvim/runtime/plugin/shada.vim
093.446  000.031  000.031: sourcing /opt/nvim-linux64/share/nvim/runtime/plugin/spellfile.vim
093.653  000.156  000.156: sourcing /opt/nvim-linux64/share/nvim/runtime/plugin/tarPlugin.vim
093.854  000.124  000.124: sourcing /opt/nvim-linux64/share/nvim/runtime/plugin/tohtml.lua
093.978  000.030  000.030: sourcing /opt/nvim-linux64/share/nvim/runtime/plugin/tutor.vim
094.255  000.204  000.204: sourcing /opt/nvim-linux64/share/nvim/runtime/plugin/zipPlugin.vim
094.704  000.175  000.175: sourcing /home/rendi/.local/share/nvim/lazy/cmp-nvim-lsp/after/plugin/cmp_nvim_lsp.lua
094.792  088.469  032.470: require('rendi.lazy')
094.796  090.008  000.041: sourcing /home/rendi/.config/nvim/init.lua
094.806  000.658: sourcing vimrc file(s)
095.488  000.144  000.144: sourcing /opt/nvim-linux64/share/nvim/runtime/filetype.lua
095.902  000.137  000.137: sourcing /opt/nvim-linux64/share/nvim/runtime/syntax/synload.vim
096.125  000.530  000.393: sourcing /opt/nvim-linux64/share/nvim/runtime/syntax/syntax.vim
096.144  000.663: inits 3
102.969  006.826: reading ShaDa
103.125  000.156: opening buffers
103.154  000.030: BufEnter autocommands
103.158  000.004: editing files in windows
103.686  000.140  000.140: require('lazy.util')
103.691  000.244  000.104: require('lazy.view.diff')
103.944  000.112  000.112: require('lazy.view.config')
103.951  000.257  000.146: require('lazy.view.float')
104.464  000.241  000.241: require('lazy.async')
104.479  000.405  000.164: require('lazy.manage.process')
104.624  000.143  000.143: require('lazy.manage.semver')
104.634  000.681  000.133: require('lazy.manage.git')
105.303  000.268  000.268: require('lazy.view.sections')
105.425  000.117  000.117: require('lazy.view.text')
105.439  000.803  000.418: require('lazy.view.render')
105.446  002.230  000.245: require('lazy.view')
105.601  000.213: VimEnter autocommands
105.658  000.057: UIEnter autocommands
105.666  000.008: before starting main loop
106.347  000.681: first screen update
106.350  000.003: --- NVIM STARTED ---

--- Startup times for process: Primary/TUI ---

times in msec
 clock   self+sourced   self:  sourced script
 clock   elapsed:              other lines

000.005  000.005: --- NVIM STARTING ---
000.379  000.374: event init
000.513  000.134: early init
000.575  000.062: locale set
000.675  000.100: init first window
001.198  000.522: inits 1
001.215  000.017: window checked
001.220  000.005: parsing arguments
001.991  000.054  000.054: require('vim.shared')
002.118  000.064  000.064: require('vim.inspect')
002.195  000.053  000.053: require('vim._options')
002.198  000.199  000.082: require('vim._editor')
002.200  000.306  000.053: require('vim._init_packages')
002.202  000.677: init lua interpreter
002.895  000.692: --- NVIM STARTED ---

--- Startup times for process: Embedded ---

times in msec
 clock   self+sourced   self:  sourced script
 clock   elapsed:              other lines

000.004  000.004: --- NVIM STARTING ---
000.296  000.292: event init
000.457  000.161: early init
000.543  000.085: locale set
000.632  000.089: init first window
001.737  001.105: inits 1
001.764  000.028: window checked
001.770  000.005: parsing arguments
002.534  000.067  000.067: require('vim.shared')
002.718  000.101  000.101: require('vim.inspect')
002.813  000.056  000.056: require('vim._options')
002.816  000.278  000.121: require('vim._editor')
002.818  000.395  000.050: require('vim._init_packages')
002.821  000.657: init lua interpreter
002.925  000.104: expanding arguments
002.958  000.032: inits 2
003.451  000.493: init highlight
003.453  000.002: waiting for UI
003.637  000.184: done waiting for UI
003.644  000.007: clear screen
003.760  000.030  000.030: require('vim.keymap')
004.481  000.833  000.803: require('vim._defaults')
004.484  000.007: init default mappings & autocommands
005.042  000.079  000.079: sourcing /opt/nvim-linux64/share/nvim/runtime/ftplugin.vim
005.137  000.041  000.041: sourcing /opt/nvim-linux64/share/nvim/runtime/indent.vim
005.619  000.295  000.295: require('rendi.core.options')
007.279  001.656  001.656: require('rendi.core.keymaps')
007.283  002.014  000.063: require('rendi.core')
008.005  000.598  000.598: require('lazy')
008.045  000.022  000.022: require('ffi')
008.104  000.026  000.026: require('vim.fs')
008.237  000.128  000.128: require('vim.uri')
008.251  000.202  000.048: require('vim.loader')
008.529  000.252  000.252: require('lazy.stats')
008.819  000.260  000.260: require('lazy.core.util')
009.008  000.185  000.185: require('lazy.core.config')
009.303  000.142  000.142: require('lazy.core.handler')
009.927  000.260  000.260: require('lazy.pkg')
009.934  000.459  000.199: require('lazy.core.meta')
009.947  000.641  000.181: require('lazy.core.plugin')
009.956  000.944  000.162: require('lazy.core.loader')
010.636  000.179  000.179: require('lazy.core.fragments')
011.253  000.078  000.078: require('rendi.plugins')
011.362  000.091  000.091: require('rendi.plugins.auto-session')
011.485  000.109  000.109: require('rendi.plugins.autopairs')
011.601  000.072  000.072: require('rendi.plugins.colorscheme')
011.769  000.151  000.151: require('rendi.plugins.comment')
011.977  000.188  000.188: require('rendi.plugins.formatting')
012.075  000.081  000.081: require('rendi.plugins.nvim-cmp')
012.185  000.077  000.077: require('rendi.plugins.nvim-tree')
012.313  000.093  000.093: require('rendi.plugins.substitute')
012.420  000.092  000.092: require('rendi.plugins.surround')
012.513  000.066  000.066: require('rendi.plugins.telescope')
012.599  000.061  000.061: require('rendi.plugins.treesitter')
012.707  000.069  000.069: require('rendi.plugins.vim-maximizer')
012.798  000.067  000.067: require('rendi.plugins.vim-react-snippets')
012.897  000.080  000.080: require('rendi.plugins.zen-mode')
013.112  000.109  000.109: require('rendi.plugins.lsp.lspconfig')
013.277  000.092  000.092: require('rendi.plugins.lsp.mason')
013.902  000.103  000.103: require('lazy.core.handler.event')
013.907  000.181  000.078: require('lazy.core.handler.ft')
013.997  000.081  000.081: require('lazy.core.handler.cmd')
014.100  000.098  000.098: require('lazy.core.handler.keys')
014.908  000.333  000.333: sourcing /opt/nvim-linux64/share/nvim/runtime/filetype.lua
015.791  000.142  000.142: require('tokyonight.util')
016.886  000.268  000.268: require('tokyonight.colors')
016.892  001.097  000.829: require('tokyonight.theme')
017.494  000.600  000.600: require('tokyonight.config')
017.499  002.408  000.570: require('tokyonight')
019.466  000.007  000.007: require('vim.F')
019.510  000.243  000.236: require('vim.diagnostic')
021.233  002.863  002.620: sourcing /home/rendi/.local/share/nvim/lazy/tokyonight.nvim/colors/tokyonight.lua
021.604  000.060  000.060: sourcing /home/rendi/.local/share/nvim/lazy/nvim-web-devicons/plugin/nvim-web-devicons.vim
022.963  000.126  000.126: require('nvim-tree.notify')
022.971  000.202  000.076: require('nvim-tree.events')
023.370  000.088  000.088: require('nvim-tree.log')
023.653  000.091  000.091: require('nvim-tree.iterators.node-iterator')
023.709  000.334  000.243: require('nvim-tree.utils')
023.802  000.091  000.091: require('nvim-tree.git.utils')
023.909  000.103  000.103: require('nvim-tree.git.runner')
024.044  000.131  000.131: require('nvim-tree.watcher')
024.135  000.087  000.087: require('nvim-tree.explorer.node')
024.145  001.053  000.218: require('nvim-tree.git')
024.236  000.089  000.089: require('nvim-tree.explorer.watch')
024.460  000.110  000.110: require('nvim-tree.explorer.node-builders')
024.645  000.181  000.181: require('nvim-tree.explorer.sorters')
024.908  000.114  000.114: require('nvim-tree.marks')
024.916  000.268  000.154: require('nvim-tree.explorer.filters')
025.358  000.283  000.283: require('nvim-tree.view')
025.368  000.449  000.166: require('nvim-tree.live-filter')
025.374  001.134  000.127: require('nvim-tree.explorer.explore')
025.511  000.135  000.135: require('nvim-tree.explorer.reload')
025.523  002.550  000.139: require('nvim-tree.explorer')
025.528  002.819  000.067: require('nvim-tree.core')
025.664  000.133  000.133: require('nvim-tree.renderer.components.padding')
025.777  000.110  000.110: require('nvim-tree.renderer.components.icons')
025.886  000.106  000.106: require('nvim-tree.renderer.components.full-name')
026.238  000.080  000.080: require('nvim-tree.enum')
026.363  000.121  000.121: require('nvim-tree.renderer.decorator')
026.368  000.332  000.131: require('nvim-tree.renderer.decorator.bookmarks')
026.536  000.166  000.166: require('nvim-tree.renderer.decorator.copied')
026.640  000.100  000.100: require('nvim-tree.renderer.decorator.cut')
026.894  000.154  000.154: require('nvim-tree.diagnostics')
026.907  000.264  000.110: require('nvim-tree.renderer.decorator.diagnostics')
027.038  000.128  000.128: require('nvim-tree.renderer.decorator.git')
027.234  000.097  000.097: require('nvim-tree.buffers')
027.240  000.199  000.101: require('nvim-tree.renderer.decorator.modified')
027.394  000.153  000.153: require('nvim-tree.renderer.decorator.opened')
027.416  001.527  000.187: require('nvim-tree.renderer.builder')
027.435  004.798  000.104: require('nvim-tree.renderer')
027.458  004.900  000.101: require('nvim-tree.lib')
027.951  000.490  000.490: require('nvim-tree.appearance')
028.484  000.071  000.071: require('nvim-tree.actions.finders.find-file')
028.564  000.076  000.076: require('nvim-tree.actions.finders.search-node')
028.568  000.255  000.108: require('nvim-tree.actions.finders')
028.861  000.093  000.093: require('nvim-tree.actions.reloaders')
028.873  000.231  000.138: require('nvim-tree.actions.fs.copy-paste')
028.996  000.120  000.120: require('nvim-tree.actions.fs.create-file')
029.100  000.100  000.100: require('nvim-tree.actions.fs.remove-file')
029.181  000.077  000.077: require('nvim-tree.actions.fs.rename-file')
029.264  000.079  000.079: require('nvim-tree.actions.fs.trash')
029.268  000.698  000.091: require('nvim-tree.actions.fs')
029.403  000.066  000.066: require('nvim-tree.actions.moves.item')
029.470  000.063  000.063: require('nvim-tree.actions.moves.parent')
029.535  000.061  000.061: require('nvim-tree.actions.moves.sibling')
029.539  000.269  000.078: require('nvim-tree.actions.moves')
029.666  000.064  000.064: require('nvim-tree.actions.node.file-popup')
029.759  000.088  000.088: require('nvim-tree.actions.node.open-file')
029.854  000.092  000.092: require('nvim-tree.actions.node.run-command')
029.941  000.083  000.083: require('nvim-tree.actions.node.system-open')
029.945  000.404  000.077: require('nvim-tree.actions.node')
030.076  000.067  000.067: require('nvim-tree.actions.root.change-dir')
030.140  000.060  000.060: require('nvim-tree.actions.root.dir-up')
030.144  000.196  000.070: require('nvim-tree.actions.root')
030.293  000.084  000.084: require('nvim-tree.actions.tree.find-file')
030.418  000.060  000.060: require('nvim-tree.actions.tree.modifiers.collapse-all')
030.530  000.064  000.064: require('nvim-tree.actions.tree.modifiers.expand-all')
030.594  000.060  000.060: require('nvim-tree.actions.tree.modifiers.toggles')
030.598  000.301  000.118: require('nvim-tree.actions.tree.modifiers')
030.661  000.061  000.061: require('nvim-tree.actions.tree.open')
030.724  000.060  000.060: require('nvim-tree.actions.tree.toggle')
030.728  000.582  000.076: require('nvim-tree.actions.tree')
030.730  002.490  000.085: require('nvim-tree.actions')
030.796  000.064  000.064: require('nvim-tree.appearance.diagnostics')
030.939  000.069  000.069: require('nvim-tree.keymap')
030.945  000.146  000.077: require('nvim-tree.help')
031.010  000.062  000.062: require('nvim-tree.marks.navigation')
031.073  000.060  000.060: require('nvim-tree.marks.bulk-delete')
031.137  000.060  000.060: require('nvim-tree.marks.bulk-trash')
031.200  000.060  000.060: require('nvim-tree.marks.bulk-move')
031.244  003.144  000.203: require('nvim-tree.api')
031.251  003.296  000.152: require('nvim-tree.commands')
031.316  000.062  000.062: require('nvim-tree.legacy')
031.358  009.670  000.922: require('nvim-tree')
033.834  001.013  001.013: require('nvim-web-devicons.icons-default')
034.219  001.599  000.586: require('nvim-web-devicons')
041.058  000.049  000.049: sourcing /home/rendi/.local/share/nvim/lazy/zen-mode.nvim/plugin/zen-mode.vim
042.073  000.150  000.150: require('zen-mode.util')
042.138  000.375  000.225: require('zen-mode.config')
042.267  000.126  000.126: require('zen-mode.plugins')
042.281  000.655  000.155: require('zen-mode.view')
042.287  001.186  000.531: require('zen-mode')
046.526  000.483  000.483: sourcing /opt/nvim-linux64/share/nvim/runtime/autoload/provider/clipboard.vim
049.028  000.073  000.073: require('auto-session.logger')
049.061  000.941  000.868: require('auto-session.lib')
049.140  000.076  000.076: require('auto-session.autocmds')
049.190  002.307  001.291: require('auto-session')
050.193  000.056  000.056: sourcing /home/rendi/.local/share/nvim/lazy/plenary.nvim/plugin/plenary.vim
050.835  000.292  000.292: sourcing /home/rendi/.local/share/nvim/lazy/telescope.nvim/plugin/telescope.lua
051.294  000.088  000.088: require('telescope._extensions')
051.300  000.432  000.343: require('telescope')
052.022  000.079  000.079: require('plenary.bit')
052.105  000.078  000.078: require('plenary.functional')
052.145  000.371  000.213: require('plenary.path')
052.166  000.519  000.148: require('plenary.strings')
052.244  000.076  000.076: require('telescope.deprecated')
052.601  000.175  000.175: require('plenary.log')
052.669  000.313  000.138: require('telescope.log')
052.982  000.066  000.066: require('plenary.compat')
052.993  000.203  000.138: require('plenary.job')
053.107  000.111  000.111: require('telescope.state')
053.197  000.525  000.211: require('telescope.utils')
053.206  000.958  000.120: require('telescope.sorters')
055.162  003.635  002.082: require('telescope.config')
055.351  000.081  000.081: require('plenary.window.border')
055.423  000.068  000.068: require('plenary.window')
055.487  000.061  000.061: require('plenary.popup.utils')
055.493  000.326  000.116: require('plenary.popup')
055.607  000.111  000.111: require('telescope.pickers.scroller')
055.687  000.077  000.077: require('telescope.actions.state')
055.780  000.089  000.089: require('telescope.actions.utils')
055.948  000.079  000.079: require('telescope.actions.mt')
055.996  000.212  000.133: require('telescope.actions.set')
056.181  000.105  000.105: require('telescope.config.resolve')
056.186  000.187  000.082: require('telescope.pickers.entry_display')
056.260  000.072  000.072: require('telescope.from_entry')
056.631  005.329  000.619: require('telescope.actions')
058.378  000.249  000.249: require('fzf_lib')
058.385  000.371  000.122: require('telescope._extensions.fzf')
058.560  009.299  002.819: require('telescope')
058.767  000.090  000.090: require('auto-session.session-lens.library')
058.856  000.086  000.086: require('auto-session.session-lens.actions')
058.866  000.302  000.127: require('auto-session.session-lens')
059.060  000.106  000.106: require('telescope._extensions.session-lens')
061.232  000.261  000.261: require('mason-core.functional')
061.350  000.114  000.114: require('mason-core.path')
061.486  000.131  000.131: require('mason.settings')
061.528  000.707  000.201: require('mason-core.log')
061.533  000.860  000.153: require('mason-core.EventEmitter')
061.657  000.121  000.121: require('mason-core.optional')
061.955  000.172  000.172: require('mason-core.async')
062.066  000.100  000.100: require('mason-core.async.uv')
062.085  000.425  000.153: require('mason-core.fs')
062.216  000.127  000.127: require('mason-registry.sources')
062.445  000.107  000.107: require('mason-core.functional.data')
062.579  000.130  000.130: require('mason-core.functional.function')
062.613  000.393  000.155: require('mason-core.functional.list')
062.652  002.104  000.179: require('mason-registry')
062.670  002.523  000.418: require('mason-tool-installer')
062.696  002.630  000.108: sourcing /home/rendi/.local/share/nvim/lazy/mason-tool-installer.nvim/plugin/mason-tool-installer.lua
063.322  000.125  000.125: require('mason-core.functional.relation')
063.475  000.136  000.136: require('mason-core.functional.logic')
063.500  000.608  000.346: require('mason-core.platform')
063.503  000.718  000.110: require('mason')
063.822  000.125  000.125: require('mason-lspconfig.settings')
063.833  000.328  000.202: require('mason-lspconfig')
064.381  000.158  000.158: require('mason-core.functional.string')
064.428  000.388  000.231: require('mason.api.command')
064.753  000.111  000.111: require('mason-lspconfig.notify')
064.760  000.250  000.139: require('mason-lspconfig.lspconfig_hook')
066.811  000.453  000.453: require('lsp-file-operations.log')
066.827  001.062  000.609: require('lsp-file-operations')
067.964  000.460  000.460: require('neodev')
068.075  000.107  000.107: require('neodev.config')
068.340  000.135  000.135: require('neodev.util')
068.348  000.254  000.119: require('neodev.lsp')
069.177  000.294  000.294: require('vim.lsp.log')
071.374  002.190  002.190: require('vim.lsp.protocol')
073.665  001.282  001.282: require('vim.lsp._snippet_grammar')
073.762  000.084  000.084: require('vim.highlight')
073.790  002.409  001.044: require('vim.lsp.util')
073.977  000.086  000.086: require('vim.lsp.sync')
073.985  000.189  000.103: require('vim.lsp._changetracking')
074.134  000.145  000.145: require('vim.lsp.rpc')
074.294  005.778  000.549: require('vim.lsp')
074.473  006.122  000.345: require('lspconfig.util')
075.092  000.152  000.152: sourcing /home/rendi/.local/share/nvim/lazy/nvim-lspconfig/plugin/lspconfig.lua
075.397  000.097  000.097: require('lspconfig.async')
075.403  000.193  000.096: require('lspconfig.configs')
075.407  000.276  000.083: require('lspconfig')
075.568  000.078  000.078: require('cmp_nvim_lsp.source')
075.574  000.165  000.087: require('cmp_nvim_lsp')
075.854  000.077  000.077: require('mason-core.functional.table')
075.926  000.288  000.211: require('mason-lspconfig.mappings.server')
076.104  000.078  000.078: require('lspconfig.server_configurations.lua_ls')
076.738  000.087  000.087: require('lspconfig.manager')
076.837  000.089  000.089: require('lspconfig.server_configurations.tailwindcss')
077.313  000.074  000.074: require('lspconfig.server_configurations.emmet_ls')
077.794  000.130  000.130: require('lspconfig.server_configurations.tsserver')
078.002  013.239  003.896: require('lspconfig.util')
078.077  000.069  000.069: require('mason-lspconfig.server_config_extensions')
078.170  000.089  000.089: require('lspconfig.server_configurations.omnisharp')
078.266  000.072  000.072: require('mason-lspconfig.ensure_installed')
078.440  000.077  000.077: require('mason-core.result')
078.755  000.135  000.135: require('mason-core.process')
078.950  000.191  000.191: require('mason-core.spawn')
078.956  000.438  000.112: require('mason-core.managers.powershell')
079.022  000.063  000.063: require('mason.version')
079.027  000.582  000.081: require('mason-core.fetch')
079.125  000.096  000.096: require('mason-core.providers')
079.486  000.146  000.146: require('mason-core.purl')
079.502  000.265  000.119: require('mason-core.package')
079.763  000.083  000.083: require('mason-core.installer.registry.expr')
079.774  000.181  000.098: require('mason-core.installer.registry.link')
080.203  000.076  000.076: require('mason-core.receipt')
080.232  000.200  000.125: require('mason-core.installer.context')
080.308  000.073  000.073: require('mason-core.async.control')
080.383  000.071  000.071: require('mason-core.installer.linker')
080.390  000.445  000.100: require('mason-core.installer')
080.409  000.551  000.105: require('mason-core.installer.managers.std')
080.412  000.636  000.085: require('mason-core.installer.registry.schemas')
080.484  000.070  000.070: require('mason-core.installer.registry.util')
080.496  000.992  000.105: require('mason-core.installer.registry')
080.500  001.328  000.071: require('mason-registry.sources.util')
080.510  002.231  000.147: require('mason-registry.sources.github')
088.429  000.064  000.064: require('mason-core.functional.number')
088.463  000.188  000.124: require('mason-lspconfig.api.command')
089.338  000.286  000.286: sourcing /home/rendi/.local/share/nvim/lazy/vim-tmux-navigator/plugin/tmux_navigator.vim
089.686  000.149  000.149: sourcing /opt/nvim-linux64/share/nvim/runtime/plugin/editorconfig.lua
090.002  000.270  000.270: sourcing /opt/nvim-linux64/share/nvim/runtime/plugin/gzip.vim
090.173  000.116  000.116: sourcing /opt/nvim-linux64/share/nvim/runtime/plugin/man.lua
090.966  000.321  000.321: sourcing /opt/nvim-linux64/share/nvim/runtime/pack/dist/opt/matchit/plugin/matchit.vim
090.998  000.778  000.457: sourcing /opt/nvim-linux64/share/nvim/runtime/plugin/matchit.vim
091.240  000.200  000.200: sourcing /opt/nvim-linux64/share/nvim/runtime/plugin/matchparen.vim
091.308  000.023  000.023: sourcing /opt/nvim-linux64/share/nvim/runtime/plugin/netrwPlugin.vim
091.426  000.072  000.072: sourcing /opt/nvim-linux64/share/nvim/runtime/plugin/osc52.lua
091.696  000.226  000.226: sourcing /opt/nvim-linux64/share/nvim/runtime/plugin/rplugin.vim
091.888  000.104  000.104: sourcing /opt/nvim-linux64/share/nvim/runtime/plugin/shada.vim
091.976  000.031  000.031: sourcing /opt/nvim-linux64/share/nvim/runtime/plugin/spellfile.vim
092.185  000.156  000.156: sourcing /opt/nvim-linux64/share/nvim/runtime/plugin/tarPlugin.vim
092.372  000.114  000.114: sourcing /opt/nvim-linux64/share/nvim/runtime/plugin/tohtml.lua
092.454  000.029  000.029: sourcing /opt/nvim-linux64/share/nvim/runtime/plugin/tutor.vim
092.707  000.205  000.205: sourcing /opt/nvim-linux64/share/nvim/runtime/plugin/zipPlugin.vim
093.065  000.110  000.110: sourcing /home/rendi/.local/share/nvim/lazy/cmp-nvim-lsp/after/plugin/cmp_nvim_lsp.lua
093.194  085.909  027.594: require('rendi.lazy')
093.199  087.963  000.040: sourcing /home/rendi/.config/nvim/init.lua
093.225  000.657: sourcing vimrc file(s)
093.801  000.102  000.102: sourcing /opt/nvim-linux64/share/nvim/runtime/filetype.lua
094.136  000.092  000.092: sourcing /opt/nvim-linux64/share/nvim/runtime/syntax/synload.vim
094.318  000.428  000.335: sourcing /opt/nvim-linux64/share/nvim/runtime/syntax/syntax.vim
094.334  000.580: inits 3
101.806  007.471: reading ShaDa
102.011  000.205: opening buffers
102.044  000.033: BufEnter autocommands
102.048  000.004: editing files in windows
102.510  000.125  000.125: require('lazy.util')
102.515  000.201  000.076: require('lazy.view.diff')
102.757  000.111  000.111: require('lazy.view.config')
102.765  000.247  000.136: require('lazy.view.float')
103.122  000.098  000.098: require('lazy.async')
103.172  000.260  000.162: require('lazy.manage.process')
103.312  000.137  000.137: require('lazy.manage.semver')
103.319  000.551  000.155: require('lazy.manage.git')
103.633  000.092  000.092: require('lazy.view.sections')
103.726  000.089  000.089: require('lazy.view.text')
103.734  000.414  000.233: require('lazy.view.render')
103.748  001.642  000.230: require('lazy.view')
103.813  000.122: VimEnter autocommands
103.865  000.053: UIEnter autocommands
103.873  000.008: before starting main loop
104.508  000.635: first screen update
104.511  000.003: --- NVIM STARTED ---

